<?xml version="1.0" encoding="UTF-8"?>
<testsuite name="com.example.springboot_webservice.domain.post.PostRepositoryTest" tests="1" skipped="0" failures="0" errors="0" timestamp="2023-01-16T07:20:17" hostname="heojun-oui-MacBookPro.local" time="0.218">
  <properties/>
  <testcase name="게시글저장_불러오기" classname="com.example.springboot_webservice.domain.post.PostRepositoryTest" time="0.218"/>
  <system-out><![CDATA[16:20:13.511 [Test worker] DEBUG org.springframework.test.context.junit4.SpringJUnit4ClassRunner - SpringJUnit4ClassRunner constructor called with [class com.example.springboot_webservice.domain.post.PostRepositoryTest]
16:20:13.520 [Test worker] DEBUG org.springframework.test.context.BootstrapUtils - Instantiating CacheAwareContextLoaderDelegate from class [org.springframework.test.context.cache.DefaultCacheAwareContextLoaderDelegate]
16:20:13.526 [Test worker] DEBUG org.springframework.test.context.BootstrapUtils - Instantiating BootstrapContext using constructor [public org.springframework.test.context.support.DefaultBootstrapContext(java.lang.Class,org.springframework.test.context.CacheAwareContextLoaderDelegate)]
16:20:13.539 [Test worker] DEBUG org.springframework.test.context.BootstrapUtils - Instantiating TestContextBootstrapper for test class [com.example.springboot_webservice.domain.post.PostRepositoryTest] from class [org.springframework.boot.test.context.SpringBootTestContextBootstrapper]
16:20:13.551 [Test worker] INFO org.springframework.boot.test.context.SpringBootTestContextBootstrapper - Neither @ContextConfiguration nor @ContextHierarchy found for test class [com.example.springboot_webservice.domain.post.PostRepositoryTest], using SpringBootContextLoader
16:20:13.554 [Test worker] DEBUG org.springframework.test.context.support.AbstractContextLoader - Did not detect default resource location for test class [com.example.springboot_webservice.domain.post.PostRepositoryTest]: class path resource [com/example/springboot_webservice/domain/post/PostRepositoryTest-context.xml] does not exist
16:20:13.554 [Test worker] DEBUG org.springframework.test.context.support.AbstractContextLoader - Did not detect default resource location for test class [com.example.springboot_webservice.domain.post.PostRepositoryTest]: class path resource [com/example/springboot_webservice/domain/post/PostRepositoryTestContext.groovy] does not exist
16:20:13.555 [Test worker] INFO org.springframework.test.context.support.AbstractContextLoader - Could not detect default resource locations for test class [com.example.springboot_webservice.domain.post.PostRepositoryTest]: no resource found for suffixes {-context.xml, Context.groovy}.
16:20:13.555 [Test worker] INFO org.springframework.test.context.support.AnnotationConfigContextLoaderUtils - Could not detect default configuration classes for test class [com.example.springboot_webservice.domain.post.PostRepositoryTest]: PostRepositoryTest does not declare any static, non-private, non-final, nested classes annotated with @Configuration.
16:20:13.593 [Test worker] DEBUG org.springframework.test.context.support.ActiveProfilesUtils - Could not find an 'annotation declaring class' for annotation type [org.springframework.test.context.ActiveProfiles] and class [com.example.springboot_webservice.domain.post.PostRepositoryTest]
16:20:13.661 [Test worker] DEBUG org.springframework.context.annotation.ClassPathScanningCandidateComponentProvider - Identified candidate component class: file [/Users/junohheo/soloproject/SpringBoot_WebService/build/classes/java/main/com/example/springboot_webservice/SpringBootWebServiceApplication.class]
16:20:13.662 [Test worker] INFO org.springframework.boot.test.context.SpringBootTestContextBootstrapper - Found @SpringBootConfiguration com.example.springboot_webservice.SpringBootWebServiceApplication for test class com.example.springboot_webservice.domain.post.PostRepositoryTest
16:20:13.735 [Test worker] DEBUG org.springframework.boot.test.context.SpringBootTestContextBootstrapper - @TestExecutionListeners is not present for class [com.example.springboot_webservice.domain.post.PostRepositoryTest]: using defaults.
16:20:13.736 [Test worker] INFO org.springframework.boot.test.context.SpringBootTestContextBootstrapper - Loaded default TestExecutionListener class names from location [META-INF/spring.factories]: [org.springframework.security.test.context.support.WithSecurityContextTestExecutionListener, org.springframework.security.test.context.support.ReactorContextTestExecutionListener, org.springframework.boot.test.autoconfigure.restdocs.RestDocsTestExecutionListener, org.springframework.boot.test.autoconfigure.web.client.MockRestServiceServerResetTestExecutionListener, org.springframework.boot.test.autoconfigure.web.servlet.MockMvcPrintOnlyOnFailureTestExecutionListener, org.springframework.boot.test.autoconfigure.web.servlet.WebDriverTestExecutionListener, org.springframework.boot.test.mock.mockito.MockitoTestExecutionListener, org.springframework.boot.test.mock.mockito.ResetMocksTestExecutionListener, org.springframework.test.context.web.ServletTestExecutionListener, org.springframework.test.context.support.DirtiesContextBeforeModesTestExecutionListener, org.springframework.test.context.support.DependencyInjectionTestExecutionListener, org.springframework.test.context.support.DirtiesContextTestExecutionListener, org.springframework.test.context.transaction.TransactionalTestExecutionListener, org.springframework.test.context.jdbc.SqlScriptsTestExecutionListener]
16:20:13.753 [Test worker] INFO org.springframework.boot.test.context.SpringBootTestContextBootstrapper - Using TestExecutionListeners: [org.springframework.test.context.web.ServletTestExecutionListener@3829ac1, org.springframework.test.context.support.DirtiesContextBeforeModesTestExecutionListener@4baf352a, org.springframework.boot.test.mock.mockito.MockitoTestExecutionListener@1bb1fde8, org.springframework.boot.test.autoconfigure.SpringBootDependencyInjectionTestExecutionListener@15eebbff, org.springframework.test.context.support.DirtiesContextTestExecutionListener@22d6f11, org.springframework.test.context.transaction.TransactionalTestExecutionListener@30990c1b, org.springframework.test.context.jdbc.SqlScriptsTestExecutionListener@2453f95d, org.springframework.security.test.context.support.WithSecurityContextTestExecutionListener@44828f6b, org.springframework.security.test.context.support.ReactorContextTestExecutionListener@2dbe250d, org.springframework.boot.test.autoconfigure.restdocs.RestDocsTestExecutionListener@553f1d75, org.springframework.boot.test.autoconfigure.web.client.MockRestServiceServerResetTestExecutionListener@6e1d8f9e, org.springframework.boot.test.autoconfigure.web.servlet.MockMvcPrintOnlyOnFailureTestExecutionListener@3e34ace1, org.springframework.boot.test.autoconfigure.web.servlet.WebDriverTestExecutionListener@62fe6067, org.springframework.boot.test.mock.mockito.ResetMocksTestExecutionListener@4f071df8]
16:20:13.755 [Test worker] DEBUG org.springframework.test.annotation.ProfileValueUtils - Retrieved @ProfileValueSourceConfiguration [null] for test class [com.example.springboot_webservice.domain.post.PostRepositoryTest]
16:20:13.755 [Test worker] DEBUG org.springframework.test.annotation.ProfileValueUtils - Retrieved ProfileValueSource type [class org.springframework.test.annotation.SystemProfileValueSource] for class [com.example.springboot_webservice.domain.post.PostRepositoryTest]
16:20:13.757 [Test worker] DEBUG org.springframework.test.annotation.ProfileValueUtils - Retrieved @ProfileValueSourceConfiguration [null] for test class [com.example.springboot_webservice.domain.post.PostRepositoryTest]
16:20:13.757 [Test worker] DEBUG org.springframework.test.annotation.ProfileValueUtils - Retrieved ProfileValueSource type [class org.springframework.test.annotation.SystemProfileValueSource] for class [com.example.springboot_webservice.domain.post.PostRepositoryTest]
16:20:13.759 [Test worker] DEBUG org.springframework.test.annotation.ProfileValueUtils - Retrieved @ProfileValueSourceConfiguration [null] for test class [com.example.springboot_webservice.domain.post.PostRepositoryTest]
16:20:13.759 [Test worker] DEBUG org.springframework.test.annotation.ProfileValueUtils - Retrieved ProfileValueSource type [class org.springframework.test.annotation.SystemProfileValueSource] for class [com.example.springboot_webservice.domain.post.PostRepositoryTest]
16:20:13.759 [Test worker] DEBUG org.springframework.test.annotation.ProfileValueUtils - Retrieved @ProfileValueSourceConfiguration [null] for test class [com.example.springboot_webservice.domain.post.PostRepositoryTest]
16:20:13.759 [Test worker] DEBUG org.springframework.test.annotation.ProfileValueUtils - Retrieved ProfileValueSource type [class org.springframework.test.annotation.SystemProfileValueSource] for class [com.example.springboot_webservice.domain.post.PostRepositoryTest]
16:20:13.764 [Test worker] DEBUG org.springframework.test.context.support.AbstractDirtiesContextTestExecutionListener - Before test class: context [DefaultTestContext@7d3430a7 testClass = PostRepositoryTest, testInstance = [null], testMethod = [null], testException = [null], mergedContextConfiguration = [WebMergedContextConfiguration@6f603e89 testClass = PostRepositoryTest, locations = '{}', classes = '{class com.example.springboot_webservice.SpringBootWebServiceApplication}', contextInitializerClasses = '[]', activeProfiles = '{}', propertySourceLocations = '{}', propertySourceProperties = '{org.springframework.boot.test.context.SpringBootTestContextBootstrapper=true}', contextCustomizers = set[org.springframework.boot.test.autoconfigure.properties.PropertyMappingContextCustomizer@0, org.springframework.boot.test.autoconfigure.web.servlet.WebDriverContextCustomizerFactory$Customizer@7a1a14a4, org.springframework.boot.test.context.filter.ExcludeFilterContextCustomizer@5d066c7d, org.springframework.boot.test.json.DuplicateJsonObjectContextCustomizerFactory$DuplicateJsonObjectContextCustomizer@56928307, org.springframework.boot.test.mock.mockito.MockitoContextCustomizer@0, org.springframework.boot.test.web.client.TestRestTemplateContextCustomizer@4f5991f6], resourceBasePath = 'src/main/webapp', contextLoader = 'org.springframework.boot.test.context.SpringBootContextLoader', parent = [null]], attributes = map['org.springframework.test.context.web.ServletTestExecutionListener.activateListener' -> true]], class annotated with @DirtiesContext [false] with mode [null].
16:20:13.764 [Test worker] DEBUG org.springframework.test.annotation.ProfileValueUtils - Retrieved @ProfileValueSourceConfiguration [null] for test class [com.example.springboot_webservice.domain.post.PostRepositoryTest]
16:20:13.764 [Test worker] DEBUG org.springframework.test.annotation.ProfileValueUtils - Retrieved ProfileValueSource type [class org.springframework.test.annotation.SystemProfileValueSource] for class [com.example.springboot_webservice.domain.post.PostRepositoryTest]
16:20:13.779 [Test worker] DEBUG org.springframework.test.context.support.TestPropertySourceUtils - Adding inlined properties to environment: {spring.jmx.enabled=false, org.springframework.boot.test.context.SpringBootTestContextBootstrapper=true, server.port=-1}

  .   ____          _            __ _ _
 /\\ / ___'_ __ _ _(_)_ __  __ _ \ \ \ \
( ( )\___ | '_ | '_| | '_ \/ _` | \ \ \ \
 \\/  ___)| |_)| | | | | || (_| |  ) ) ) )
  '  |____| .__|_| |_|_| |_\__, | / / / /
 =========|_|==============|___/=/_/_/_/
 :: Spring Boot ::        (v2.1.9.RELEASE)

2023-01-16 16:20:14.001  INFO 5083 --- [    Test worker] c.e.s.domain.post.PostRepositoryTest     : Starting PostRepositoryTest on heojun-oui-MacBookPro.local with PID 5083 (started by junohheo in /Users/junohheo/soloproject/SpringBoot_WebService)
2023-01-16 16:20:14.002  INFO 5083 --- [    Test worker] c.e.s.domain.post.PostRepositoryTest     : No active profile set, falling back to default profiles: default
2023-01-16 16:20:14.611  INFO 5083 --- [    Test worker] .s.d.r.c.RepositoryConfigurationDelegate : Bootstrapping Spring Data repositories in DEFAULT mode.
2023-01-16 16:20:14.667  INFO 5083 --- [    Test worker] .s.d.r.c.RepositoryConfigurationDelegate : Finished Spring Data repository scanning in 50ms. Found 2 repository interfaces.
2023-01-16 16:20:15.082  INFO 5083 --- [    Test worker] trationDelegate$BeanPostProcessorChecker : Bean 'org.springframework.ws.config.annotation.DelegatingWsConfiguration' of type [org.springframework.ws.config.annotation.DelegatingWsConfiguration$$EnhancerBySpringCGLIB$$79cfdead] is not eligible for getting processed by all BeanPostProcessors (for example: not eligible for auto-proxying)
2023-01-16 16:20:15.110  INFO 5083 --- [    Test worker] .w.s.a.s.AnnotationActionEndpointMapping : Supporting [WS-Addressing August 2004, WS-Addressing 1.0]
2023-01-16 16:20:15.130  INFO 5083 --- [    Test worker] trationDelegate$BeanPostProcessorChecker : Bean 'org.springframework.transaction.annotation.ProxyTransactionManagementConfiguration' of type [org.springframework.transaction.annotation.ProxyTransactionManagementConfiguration$$EnhancerBySpringCGLIB$$d53819ae] is not eligible for getting processed by all BeanPostProcessors (for example: not eligible for auto-proxying)
2023-01-16 16:20:15.278  INFO 5083 --- [    Test worker] com.zaxxer.hikari.HikariDataSource       : HikariPool-1 - Starting...
2023-01-16 16:20:15.422  INFO 5083 --- [    Test worker] com.zaxxer.hikari.HikariDataSource       : HikariPool-1 - Start completed.
2023-01-16 16:20:15.493  INFO 5083 --- [    Test worker] o.hibernate.jpa.internal.util.LogHelper  : HHH000204: Processing PersistenceUnitInfo [
	name: default
	...]
2023-01-16 16:20:15.548  INFO 5083 --- [    Test worker] org.hibernate.Version                    : HHH000412: Hibernate Core {5.3.12.Final}
2023-01-16 16:20:15.549  INFO 5083 --- [    Test worker] org.hibernate.cfg.Environment            : HHH000206: hibernate.properties not found
2023-01-16 16:20:15.677  INFO 5083 --- [    Test worker] o.hibernate.annotations.common.Version   : HCANN000001: Hibernate Commons Annotations {5.0.4.Final}
2023-01-16 16:20:15.797  INFO 5083 --- [    Test worker] org.hibernate.dialect.Dialect            : HHH000400: Using dialect: org.hibernate.dialect.MySQL5InnoDBDialect
Hibernate: drop table if exists posts
Hibernate: drop table if exists user
Hibernate: create table posts (id bigint not null auto_increment, created_date datetime, modified_date datetime, author varchar(255), content Text not null, title varchar(500) not null, primary key (id)) engine=InnoDB
Hibernate: create table user (id bigint not null auto_increment, created_date datetime, modified_date datetime, email varchar(255) not null, name varchar(255) not null, picture varchar(255), role varchar(255) not null, primary key (id)) engine=InnoDB
2023-01-16 16:20:16.364  INFO 5083 --- [    Test worker] o.h.t.schema.internal.SchemaCreatorImpl  : HHH000476: Executing import script 'org.hibernate.tool.schema.internal.exec.ScriptSourceInputNonExistentImpl@1e429f56'
2023-01-16 16:20:16.367  INFO 5083 --- [    Test worker] j.LocalContainerEntityManagerFactoryBean : Initialized JPA EntityManagerFactory for persistence unit 'default'
2023-01-16 16:20:16.805  INFO 5083 --- [    Test worker] o.h.h.i.QueryTranslatorFactoryInitiator  : HHH000397: Using ASTQueryTranslatorFactory
2023-01-16 16:20:17.110  INFO 5083 --- [    Test worker] o.s.s.web.DefaultSecurityFilterChain     : Creating filter chain: any request, [org.springframework.security.web.context.request.async.WebAsyncManagerIntegrationFilter@53335328, org.springframework.security.web.context.SecurityContextPersistenceFilter@17ebbf1e, org.springframework.security.web.header.HeaderWriterFilter@cae4952, org.springframework.security.web.authentication.logout.LogoutFilter@537a8915, org.springframework.security.oauth2.client.web.OAuth2AuthorizationRequestRedirectFilter@659ac28c, org.springframework.security.oauth2.client.web.OAuth2LoginAuthenticationFilter@1b984ba5, org.springframework.security.web.authentication.ui.DefaultLoginPageGeneratingFilter@166d576b, org.springframework.security.web.authentication.ui.DefaultLogoutPageGeneratingFilter@3a0b6aff, org.springframework.security.web.savedrequest.RequestCacheAwareFilter@6b6f73d, org.springframework.security.web.servletapi.SecurityContextHolderAwareRequestFilter@3435a4e5, org.springframework.security.web.authentication.AnonymousAuthenticationFilter@f1e1d66, org.springframework.security.web.session.SessionManagementFilter@20a18cc9, org.springframework.security.web.access.ExceptionTranslationFilter@7f20dfd5, org.springframework.security.web.access.intercept.FilterSecurityInterceptor@123e9094]
2023-01-16 16:20:17.470  INFO 5083 --- [    Test worker] o.s.s.concurrent.ThreadPoolTaskExecutor  : Initializing ExecutorService 'applicationTaskExecutor'
2023-01-16 16:20:17.515  WARN 5083 --- [    Test worker] aWebConfiguration$JpaWebMvcConfiguration : spring.jpa.open-in-view is enabled by default. Therefore, database queries may be performed during view rendering. Explicitly configure spring.jpa.open-in-view to disable this warning
2023-01-16 16:20:17.557  INFO 5083 --- [    Test worker] o.s.b.a.w.s.WelcomePageHandlerMapping    : Adding welcome page template: index
2023-01-16 16:20:17.911  INFO 5083 --- [    Test worker] s.a.ScheduledAnnotationBeanPostProcessor : No TaskScheduler/ScheduledExecutorService bean found for scheduled processing
2023-01-16 16:20:17.919  INFO 5083 --- [    Test worker] c.e.s.domain.post.PostRepositoryTest     : Started PostRepositoryTest in 4.131 seconds (JVM running for 5.116)
Hibernate: insert into posts (created_date, modified_date, author, content, title) values (?, ?, ?, ?, ?)
Hibernate: select posts0_.id as id1_0_, posts0_.created_date as created_2_0_, posts0_.modified_date as modified3_0_, posts0_.author as author4_0_, posts0_.content as content5_0_, posts0_.title as title6_0_ from posts posts0_
Hibernate: select posts0_.id as id1_0_, posts0_.created_date as created_2_0_, posts0_.modified_date as modified3_0_, posts0_.author as author4_0_, posts0_.content as content5_0_, posts0_.title as title6_0_ from posts posts0_
Hibernate: delete from posts where id=?
]]></system-out>
  <system-err><![CDATA[]]></system-err>
</testsuite>
